-- The C compiler identification is GNU 11.4.0
-- The CXX compiler identification is GNU 11.4.0
-- Detecting C compiler ABI info
-- Detecting C compiler ABI info - done
-- Check for working C compiler: /usr/bin/cc - skipped
-- Detecting C compile features
-- Detecting C compile features - done
-- Detecting CXX compiler ABI info
-- Detecting CXX compiler ABI info - done
-- Check for working CXX compiler: /usr/bin/c++ - skipped
-- Detecting CXX compile features
-- Detecting CXX compile features - done
-- Found ament_cmake: 1.3.10 (/opt/ros/humble/share/ament_cmake/cmake)
-- Found Python3: /usr/bin/python3 (found version "3.10.12") found components: Interpreter 
-- Found rclcpp: 16.0.10 (/opt/ros/humble/share/rclcpp/cmake)
-- Found rosidl_generator_c: 3.1.5 (/opt/ros/humble/share/rosidl_generator_c/cmake)
-- Found rosidl_adapter: 3.1.5 (/opt/ros/humble/share/rosidl_adapter/cmake)
-- Found rosidl_generator_cpp: 3.1.5 (/opt/ros/humble/share/rosidl_generator_cpp/cmake)
-- Using all available rosidl_typesupport_c: rosidl_typesupport_fastrtps_c;rosidl_typesupport_introspection_c
-- Using all available rosidl_typesupport_cpp: rosidl_typesupport_fastrtps_cpp;rosidl_typesupport_introspection_cpp
-- Found rmw_implementation_cmake: 6.1.2 (/opt/ros/humble/share/rmw_implementation_cmake/cmake)
-- Found rmw_fastrtps_cpp: 6.2.7 (/opt/ros/humble/share/rmw_fastrtps_cpp/cmake)
-- Found OpenSSL: /usr/lib/x86_64-linux-gnu/libcrypto.so (found version "3.0.2")  
-- Found FastRTPS: /opt/ros/humble/include  
-- Using RMW implementation 'rmw_fastrtps_cpp' as default
-- Looking for pthread.h
-- Looking for pthread.h - found
-- Performing Test CMAKE_HAVE_LIBC_PTHREAD
-- Performing Test CMAKE_HAVE_LIBC_PTHREAD - Success
-- Found Threads: TRUE  
-- Found rclcpp_components: 16.0.10 (/opt/ros/humble/share/rclcpp_components/cmake)
-- Found ament_lint_auto: 0.12.11 (/opt/ros/humble/share/ament_lint_auto/cmake)
-- Added test 'cppcheck' to perform static code analysis on C / C++ code
-- Configured cppcheck include dirs: 
-- Configured cppcheck exclude dirs and/or files: 
-- Added test 'lint_cmake' to check CMake code style
-- Added test 'uncrustify' to check C / C++ code style
-- Configured uncrustify additional arguments: 
-- Added test 'xmllint' to check XML markup files
-- Configuring done
-- Generating done
-- Build files have been written to: /workspaces/vscode_test/build/ros2_example
[ 50%] [32mBuilding CXX object CMakeFiles/subscriber.dir/src/subscriber_node.cpp.o[0m
[ 50%] [32mBuilding CXX object CMakeFiles/publisher.dir/src/publisher_node.cpp.o[0m
[ 75%] [32m[1mLinking CXX shared library libpublisher.so[0m
[ 75%] Built target publisher
[100%] [32m[1mLinking CXX shared library libsubscriber.so[0m
[100%] Built target subscriber
-- Install configuration: ""
-- Installing: /workspaces/vscode_test/install/ros2_example/lib/libpublisher.so
-- Set runtime path of "/workspaces/vscode_test/install/ros2_example/lib/libpublisher.so" to ""
-- Installing: /workspaces/vscode_test/install/ros2_example/lib/libsubscriber.so
-- Set runtime path of "/workspaces/vscode_test/install/ros2_example/lib/libsubscriber.so" to ""
-- Installing: /workspaces/vscode_test/install/ros2_example/share/ros2_example/launch
-- Installing: /workspaces/vscode_test/install/ros2_example/share/ros2_example/launch/publisher_node.launch.py
-- Installing: /workspaces/vscode_test/install/ros2_example/share/ros2_example/launch/subscriber_node.launch.py
-- Installing: /workspaces/vscode_test/install/ros2_example/share/ros2_example/launch/__pycache__
-- Installing: /workspaces/vscode_test/install/ros2_example/share/ros2_example/launch/__pycache__/publisher_node.launch copy.cpython-310.pyc
-- Installing: /workspaces/vscode_test/install/ros2_example/share/ros2_example/launch/__pycache__/sublisher_node.launch.cpython-310.pyc
-- Installing: /workspaces/vscode_test/install/ros2_example/share/ros2_example/launch/__pycache__/subscriber_node.launch.cpython-310.pyc
-- Installing: /workspaces/vscode_test/install/ros2_example/share/ros2_example/launch/__pycache__/publisher_node.launch.cpython-310.pyc
-- Installing: /workspaces/vscode_test/install/ros2_example/share/ros2_example/config
-- Installing: /workspaces/vscode_test/install/ros2_example/share/ament_index/resource_index/package_run_dependencies/ros2_example
-- Installing: /workspaces/vscode_test/install/ros2_example/share/ament_index/resource_index/parent_prefix_path/ros2_example
-- Installing: /workspaces/vscode_test/install/ros2_example/share/ros2_example/environment/ament_prefix_path.sh
-- Installing: /workspaces/vscode_test/install/ros2_example/share/ros2_example/environment/ament_prefix_path.dsv
-- Installing: /workspaces/vscode_test/install/ros2_example/share/ros2_example/environment/path.sh
-- Installing: /workspaces/vscode_test/install/ros2_example/share/ros2_example/environment/path.dsv
-- Installing: /workspaces/vscode_test/install/ros2_example/share/ros2_example/local_setup.bash
-- Installing: /workspaces/vscode_test/install/ros2_example/share/ros2_example/local_setup.sh
-- Installing: /workspaces/vscode_test/install/ros2_example/share/ros2_example/local_setup.zsh
-- Installing: /workspaces/vscode_test/install/ros2_example/share/ros2_example/local_setup.dsv
-- Installing: /workspaces/vscode_test/install/ros2_example/share/ros2_example/package.dsv
-- Installing: /workspaces/vscode_test/install/ros2_example/share/ament_index/resource_index/packages/ros2_example
-- Installing: /workspaces/vscode_test/install/ros2_example/share/ament_index/resource_index/rclcpp_components/ros2_example
-- Installing: /workspaces/vscode_test/install/ros2_example/share/ros2_example/cmake/ros2_exampleConfig.cmake
-- Installing: /workspaces/vscode_test/install/ros2_example/share/ros2_example/cmake/ros2_exampleConfig-version.cmake
-- Installing: /workspaces/vscode_test/install/ros2_example/share/ros2_example/package.xml
