[0.008s] Invoking command in '/workspaces/vscode_test/build/ros2_example': CMAKE_PREFIX_PATH=/opt/ros/humble /usr/bin/cmake /workspaces/vscode_test/src/ros2_example -DCMAKE_INSTALL_PREFIX=/workspaces/vscode_test/install/ros2_example
[0.054s] -- The C compiler identification is GNU 11.4.0
[0.099s] -- The CXX compiler identification is GNU 11.4.0
[0.105s] -- Detecting C compiler ABI info
[0.162s] -- Detecting C compiler ABI info - done
[0.167s] -- Check for working C compiler: /usr/bin/cc - skipped
[0.167s] -- Detecting C compile features
[0.167s] -- Detecting C compile features - done
[0.170s] -- Detecting CXX compiler ABI info
[0.234s] -- Detecting CXX compiler ABI info - done
[0.239s] -- Check for working CXX compiler: /usr/bin/c++ - skipped
[0.239s] -- Detecting CXX compile features
[0.239s] -- Detecting CXX compile features - done
[0.242s] -- Found ament_cmake: 1.3.10 (/opt/ros/humble/share/ament_cmake/cmake)
[0.331s] -- Found Python3: /usr/bin/python3 (found version "3.10.12") found components: Interpreter 
[0.395s] -- Found rclcpp: 16.0.10 (/opt/ros/humble/share/rclcpp/cmake)
[0.421s] -- Found rosidl_generator_c: 3.1.5 (/opt/ros/humble/share/rosidl_generator_c/cmake)
[0.424s] -- Found rosidl_adapter: 3.1.5 (/opt/ros/humble/share/rosidl_adapter/cmake)
[0.430s] -- Found rosidl_generator_cpp: 3.1.5 (/opt/ros/humble/share/rosidl_generator_cpp/cmake)
[0.438s] -- Using all available rosidl_typesupport_c: rosidl_typesupport_fastrtps_c;rosidl_typesupport_introspection_c
[0.449s] -- Using all available rosidl_typesupport_cpp: rosidl_typesupport_fastrtps_cpp;rosidl_typesupport_introspection_cpp
[0.478s] -- Found rmw_implementation_cmake: 6.1.2 (/opt/ros/humble/share/rmw_implementation_cmake/cmake)
[0.480s] -- Found rmw_fastrtps_cpp: 6.2.7 (/opt/ros/humble/share/rmw_fastrtps_cpp/cmake)
[0.549s] -- Found OpenSSL: /usr/lib/x86_64-linux-gnu/libcrypto.so (found version "3.0.2")  
[0.563s] -- Found FastRTPS: /opt/ros/humble/include  
[0.586s] -- Using RMW implementation 'rmw_fastrtps_cpp' as default
[0.592s] -- Looking for pthread.h
[0.652s] -- Looking for pthread.h - found
[0.652s] -- Performing Test CMAKE_HAVE_LIBC_PTHREAD
[0.714s] -- Performing Test CMAKE_HAVE_LIBC_PTHREAD - Success
[0.714s] -- Found Threads: TRUE  
[0.749s] -- Found rclcpp_components: 16.0.10 (/opt/ros/humble/share/rclcpp_components/cmake)
[0.767s] -- Found ament_lint_auto: 0.12.11 (/opt/ros/humble/share/ament_lint_auto/cmake)
[0.820s] -- Added test 'cppcheck' to perform static code analysis on C / C++ code
[0.821s] -- Configured cppcheck include dirs: 
[0.821s] -- Configured cppcheck exclude dirs and/or files: 
[0.821s] -- Added test 'lint_cmake' to check CMake code style
[0.821s] -- Added test 'uncrustify' to check C / C++ code style
[0.821s] -- Configured uncrustify additional arguments: 
[0.822s] -- Added test 'xmllint' to check XML markup files
[0.823s] -- Configuring done
[0.834s] -- Generating done
[0.835s] -- Build files have been written to: /workspaces/vscode_test/build/ros2_example
[0.841s] Invoked command in '/workspaces/vscode_test/build/ros2_example' returned '0': CMAKE_PREFIX_PATH=/opt/ros/humble /usr/bin/cmake /workspaces/vscode_test/src/ros2_example -DCMAKE_INSTALL_PREFIX=/workspaces/vscode_test/install/ros2_example
[0.843s] Invoking command in '/workspaces/vscode_test/build/ros2_example': CMAKE_PREFIX_PATH=/opt/ros/humble /usr/bin/cmake --build /workspaces/vscode_test/build/ros2_example -- -j16 -l16
[0.885s] [ 50%] [32mBuilding CXX object CMakeFiles/subscriber.dir/src/subscriber_node.cpp.o[0m
[0.885s] [ 50%] [32mBuilding CXX object CMakeFiles/publisher.dir/src/publisher_node.cpp.o[0m
[4.162s] [ 75%] [32m[1mLinking CXX shared library libpublisher.so[0m
[4.310s] [ 75%] Built target publisher
[6.929s] [100%] [32m[1mLinking CXX shared library libsubscriber.so[0m
[7.195s] [100%] Built target subscriber
[7.205s] Invoked command in '/workspaces/vscode_test/build/ros2_example' returned '0': CMAKE_PREFIX_PATH=/opt/ros/humble /usr/bin/cmake --build /workspaces/vscode_test/build/ros2_example -- -j16 -l16
[7.242s] Invoking command in '/workspaces/vscode_test/build/ros2_example': CMAKE_PREFIX_PATH=/opt/ros/humble /usr/bin/cmake --install /workspaces/vscode_test/build/ros2_example
[7.248s] -- Install configuration: ""
[7.248s] -- Installing: /workspaces/vscode_test/install/ros2_example/lib/libpublisher.so
[7.250s] -- Set runtime path of "/workspaces/vscode_test/install/ros2_example/lib/libpublisher.so" to ""
[7.250s] -- Installing: /workspaces/vscode_test/install/ros2_example/lib/libsubscriber.so
[7.255s] -- Set runtime path of "/workspaces/vscode_test/install/ros2_example/lib/libsubscriber.so" to ""
[7.255s] -- Installing: /workspaces/vscode_test/install/ros2_example/share/ros2_example/launch
[7.255s] -- Installing: /workspaces/vscode_test/install/ros2_example/share/ros2_example/launch/publisher_node.launch.py
[7.255s] -- Installing: /workspaces/vscode_test/install/ros2_example/share/ros2_example/launch/subscriber_node.launch.py
[7.255s] -- Installing: /workspaces/vscode_test/install/ros2_example/share/ros2_example/launch/__pycache__
[7.255s] -- Installing: /workspaces/vscode_test/install/ros2_example/share/ros2_example/launch/__pycache__/publisher_node.launch copy.cpython-310.pyc
[7.256s] -- Installing: /workspaces/vscode_test/install/ros2_example/share/ros2_example/launch/__pycache__/sublisher_node.launch.cpython-310.pyc
[7.256s] -- Installing: /workspaces/vscode_test/install/ros2_example/share/ros2_example/launch/__pycache__/subscriber_node.launch.cpython-310.pyc
[7.256s] -- Installing: /workspaces/vscode_test/install/ros2_example/share/ros2_example/launch/__pycache__/publisher_node.launch.cpython-310.pyc
[7.256s] -- Installing: /workspaces/vscode_test/install/ros2_example/share/ros2_example/config
[7.256s] -- Installing: /workspaces/vscode_test/install/ros2_example/share/ament_index/resource_index/package_run_dependencies/ros2_example
[7.256s] -- Installing: /workspaces/vscode_test/install/ros2_example/share/ament_index/resource_index/parent_prefix_path/ros2_example
[7.256s] -- Installing: /workspaces/vscode_test/install/ros2_example/share/ros2_example/environment/ament_prefix_path.sh
[7.256s] -- Installing: /workspaces/vscode_test/install/ros2_example/share/ros2_example/environment/ament_prefix_path.dsv
[7.257s] -- Installing: /workspaces/vscode_test/install/ros2_example/share/ros2_example/environment/path.sh
[7.257s] -- Installing: /workspaces/vscode_test/install/ros2_example/share/ros2_example/environment/path.dsv
[7.257s] -- Installing: /workspaces/vscode_test/install/ros2_example/share/ros2_example/local_setup.bash
[7.257s] -- Installing: /workspaces/vscode_test/install/ros2_example/share/ros2_example/local_setup.sh
[7.257s] -- Installing: /workspaces/vscode_test/install/ros2_example/share/ros2_example/local_setup.zsh
[7.257s] -- Installing: /workspaces/vscode_test/install/ros2_example/share/ros2_example/local_setup.dsv
[7.257s] -- Installing: /workspaces/vscode_test/install/ros2_example/share/ros2_example/package.dsv
[7.258s] -- Installing: /workspaces/vscode_test/install/ros2_example/share/ament_index/resource_index/packages/ros2_example
[7.258s] -- Installing: /workspaces/vscode_test/install/ros2_example/share/ament_index/resource_index/rclcpp_components/ros2_example
[7.258s] -- Installing: /workspaces/vscode_test/install/ros2_example/share/ros2_example/cmake/ros2_exampleConfig.cmake
[7.258s] -- Installing: /workspaces/vscode_test/install/ros2_example/share/ros2_example/cmake/ros2_exampleConfig-version.cmake
[7.258s] -- Installing: /workspaces/vscode_test/install/ros2_example/share/ros2_example/package.xml
[7.260s] Invoked command in '/workspaces/vscode_test/build/ros2_example' returned '0': CMAKE_PREFIX_PATH=/opt/ros/humble /usr/bin/cmake --install /workspaces/vscode_test/build/ros2_example
