[0.113s] DEBUG:colcon:Command line arguments: ['/usr/bin/colcon', 'build']
[0.113s] DEBUG:colcon:Parsed command line arguments: Namespace(log_base=None, log_level=None, verb_name='build', build_base='build', install_base='install', merge_install=False, symlink_install=False, test_result_base=None, continue_on_error=False, executor='parallel', parallel_workers=16, event_handlers=None, ignore_user_meta=False, metas=['./colcon.meta'], base_paths=['.'], packages_ignore=None, packages_ignore_regex=None, paths=None, packages_up_to=None, packages_up_to_regex=None, packages_above=None, packages_above_and_dependencies=None, packages_above_depth=None, packages_select_by_dep=None, packages_skip_by_dep=None, packages_skip_up_to=None, packages_select_build_failed=False, packages_skip_build_finished=False, packages_select_test_failures=False, packages_skip_test_passed=False, packages_select=None, packages_skip=None, packages_select_regex=None, packages_skip_regex=None, packages_start=None, packages_end=None, cmake_args=None, cmake_target=None, cmake_target_skip_unavailable=False, cmake_clean_cache=False, cmake_clean_first=False, cmake_force_configure=False, ament_cmake_args=None, catkin_cmake_args=None, catkin_skip_building_tests=False, mixin_files=None, mixin=None, verb_parser=<colcon_mixin.mixin.mixin_argument.MixinArgumentDecorator object at 0x75258b1e77c0>, verb_extension=<colcon_core.verb.build.BuildVerb object at 0x75258b33bdc0>, main=<bound method BuildVerb.main of <colcon_core.verb.build.BuildVerb object at 0x75258b33bdc0>>, mixin_verb=('build',))
[0.244s] Level 1:colcon.colcon_core.package_discovery:discover_packages(colcon_meta) check parameters
[0.244s] Level 1:colcon.colcon_core.package_discovery:discover_packages(recursive) check parameters
[0.244s] Level 1:colcon.colcon_core.package_discovery:discover_packages(ignore) check parameters
[0.244s] Level 1:colcon.colcon_core.package_discovery:discover_packages(path) check parameters
[0.244s] Level 1:colcon.colcon_core.package_discovery:discover_packages(colcon_meta) discover
[0.244s] Level 1:colcon.colcon_core.package_discovery:discover_packages(recursive) discover
[0.244s] INFO:colcon.colcon_core.package_discovery:Crawling recursively for packages in '/workspaces/vscode_test'
[0.245s] Level 1:colcon.colcon_core.package_identification:_identify(.) by extensions ['ignore', 'ignore_ament_install']
[0.245s] Level 1:colcon.colcon_core.package_identification:_identify(.) by extension 'ignore'
[0.245s] Level 1:colcon.colcon_core.package_identification:_identify(.) by extension 'ignore_ament_install'
[0.245s] Level 1:colcon.colcon_core.package_identification:_identify(.) by extensions ['colcon_pkg']
[0.245s] Level 1:colcon.colcon_core.package_identification:_identify(.) by extension 'colcon_pkg'
[0.245s] Level 1:colcon.colcon_core.package_identification:_identify(.) by extensions ['colcon_meta']
[0.245s] Level 1:colcon.colcon_core.package_identification:_identify(.) by extension 'colcon_meta'
[0.245s] Level 1:colcon.colcon_core.package_identification:_identify(.) by extensions ['ros']
[0.245s] Level 1:colcon.colcon_core.package_identification:_identify(.) by extension 'ros'
[0.257s] Level 1:colcon.colcon_core.package_identification:_identify(.) by extensions ['cmake', 'python']
[0.257s] Level 1:colcon.colcon_core.package_identification:_identify(.) by extension 'cmake'
[0.257s] Level 1:colcon.colcon_core.package_identification:_identify(.) by extension 'python'
[0.257s] Level 1:colcon.colcon_core.package_identification:_identify(.) by extensions ['python_setup_py']
[0.257s] Level 1:colcon.colcon_core.package_identification:_identify(.) by extension 'python_setup_py'
[0.257s] Level 1:colcon.colcon_core.package_identification:_identify(build) by extensions ['ignore', 'ignore_ament_install']
[0.257s] Level 1:colcon.colcon_core.package_identification:_identify(build) by extension 'ignore'
[0.257s] Level 1:colcon.colcon_core.package_identification:_identify(build) ignored
[0.257s] Level 1:colcon.colcon_core.package_identification:_identify(config) by extensions ['ignore', 'ignore_ament_install']
[0.257s] Level 1:colcon.colcon_core.package_identification:_identify(config) by extension 'ignore'
[0.258s] Level 1:colcon.colcon_core.package_identification:_identify(config) by extension 'ignore_ament_install'
[0.258s] Level 1:colcon.colcon_core.package_identification:_identify(config) by extensions ['colcon_pkg']
[0.258s] Level 1:colcon.colcon_core.package_identification:_identify(config) by extension 'colcon_pkg'
[0.258s] Level 1:colcon.colcon_core.package_identification:_identify(config) by extensions ['colcon_meta']
[0.258s] Level 1:colcon.colcon_core.package_identification:_identify(config) by extension 'colcon_meta'
[0.258s] Level 1:colcon.colcon_core.package_identification:_identify(config) by extensions ['ros']
[0.258s] Level 1:colcon.colcon_core.package_identification:_identify(config) by extension 'ros'
[0.258s] Level 1:colcon.colcon_core.package_identification:_identify(config) by extensions ['cmake', 'python']
[0.258s] Level 1:colcon.colcon_core.package_identification:_identify(config) by extension 'cmake'
[0.258s] Level 1:colcon.colcon_core.package_identification:_identify(config) by extension 'python'
[0.258s] Level 1:colcon.colcon_core.package_identification:_identify(config) by extensions ['python_setup_py']
[0.258s] Level 1:colcon.colcon_core.package_identification:_identify(config) by extension 'python_setup_py'
[0.258s] Level 1:colcon.colcon_core.package_identification:_identify(install) by extensions ['ignore', 'ignore_ament_install']
[0.258s] Level 1:colcon.colcon_core.package_identification:_identify(install) by extension 'ignore'
[0.258s] Level 1:colcon.colcon_core.package_identification:_identify(install) ignored
[0.258s] Level 1:colcon.colcon_core.package_identification:_identify(launch) by extensions ['ignore', 'ignore_ament_install']
[0.258s] Level 1:colcon.colcon_core.package_identification:_identify(launch) by extension 'ignore'
[0.258s] Level 1:colcon.colcon_core.package_identification:_identify(launch) by extension 'ignore_ament_install'
[0.259s] Level 1:colcon.colcon_core.package_identification:_identify(launch) by extensions ['colcon_pkg']
[0.259s] Level 1:colcon.colcon_core.package_identification:_identify(launch) by extension 'colcon_pkg'
[0.259s] Level 1:colcon.colcon_core.package_identification:_identify(launch) by extensions ['colcon_meta']
[0.259s] Level 1:colcon.colcon_core.package_identification:_identify(launch) by extension 'colcon_meta'
[0.259s] Level 1:colcon.colcon_core.package_identification:_identify(launch) by extensions ['ros']
[0.259s] Level 1:colcon.colcon_core.package_identification:_identify(launch) by extension 'ros'
[0.259s] Level 1:colcon.colcon_core.package_identification:_identify(launch) by extensions ['cmake', 'python']
[0.259s] Level 1:colcon.colcon_core.package_identification:_identify(launch) by extension 'cmake'
[0.259s] Level 1:colcon.colcon_core.package_identification:_identify(launch) by extension 'python'
[0.259s] Level 1:colcon.colcon_core.package_identification:_identify(launch) by extensions ['python_setup_py']
[0.259s] Level 1:colcon.colcon_core.package_identification:_identify(launch) by extension 'python_setup_py'
[0.259s] Level 1:colcon.colcon_core.package_identification:_identify(launch/__pycache__) by extensions ['ignore', 'ignore_ament_install']
[0.259s] Level 1:colcon.colcon_core.package_identification:_identify(launch/__pycache__) by extension 'ignore'
[0.259s] Level 1:colcon.colcon_core.package_identification:_identify(launch/__pycache__) by extension 'ignore_ament_install'
[0.259s] Level 1:colcon.colcon_core.package_identification:_identify(launch/__pycache__) by extensions ['colcon_pkg']
[0.259s] Level 1:colcon.colcon_core.package_identification:_identify(launch/__pycache__) by extension 'colcon_pkg'
[0.259s] Level 1:colcon.colcon_core.package_identification:_identify(launch/__pycache__) by extensions ['colcon_meta']
[0.259s] Level 1:colcon.colcon_core.package_identification:_identify(launch/__pycache__) by extension 'colcon_meta'
[0.259s] Level 1:colcon.colcon_core.package_identification:_identify(launch/__pycache__) by extensions ['ros']
[0.259s] Level 1:colcon.colcon_core.package_identification:_identify(launch/__pycache__) by extension 'ros'
[0.259s] Level 1:colcon.colcon_core.package_identification:_identify(launch/__pycache__) by extensions ['cmake', 'python']
[0.260s] Level 1:colcon.colcon_core.package_identification:_identify(launch/__pycache__) by extension 'cmake'
[0.260s] Level 1:colcon.colcon_core.package_identification:_identify(launch/__pycache__) by extension 'python'
[0.260s] Level 1:colcon.colcon_core.package_identification:_identify(launch/__pycache__) by extensions ['python_setup_py']
[0.260s] Level 1:colcon.colcon_core.package_identification:_identify(launch/__pycache__) by extension 'python_setup_py'
[0.260s] Level 1:colcon.colcon_core.package_identification:_identify(log) by extensions ['ignore', 'ignore_ament_install']
[0.260s] Level 1:colcon.colcon_core.package_identification:_identify(log) by extension 'ignore'
[0.260s] Level 1:colcon.colcon_core.package_identification:_identify(log) ignored
[0.260s] Level 1:colcon.colcon_core.package_identification:_identify(src) by extensions ['ignore', 'ignore_ament_install']
[0.260s] Level 1:colcon.colcon_core.package_identification:_identify(src) by extension 'ignore'
[0.260s] Level 1:colcon.colcon_core.package_identification:_identify(src) by extension 'ignore_ament_install'
[0.260s] Level 1:colcon.colcon_core.package_identification:_identify(src) by extensions ['colcon_pkg']
[0.260s] Level 1:colcon.colcon_core.package_identification:_identify(src) by extension 'colcon_pkg'
[0.260s] Level 1:colcon.colcon_core.package_identification:_identify(src) by extensions ['colcon_meta']
[0.260s] Level 1:colcon.colcon_core.package_identification:_identify(src) by extension 'colcon_meta'
[0.260s] Level 1:colcon.colcon_core.package_identification:_identify(src) by extensions ['ros']
[0.260s] Level 1:colcon.colcon_core.package_identification:_identify(src) by extension 'ros'
[0.260s] Level 1:colcon.colcon_core.package_identification:_identify(src) by extensions ['cmake', 'python']
[0.260s] Level 1:colcon.colcon_core.package_identification:_identify(src) by extension 'cmake'
[0.260s] Level 1:colcon.colcon_core.package_identification:_identify(src) by extension 'python'
[0.260s] Level 1:colcon.colcon_core.package_identification:_identify(src) by extensions ['python_setup_py']
[0.261s] Level 1:colcon.colcon_core.package_identification:_identify(src) by extension 'python_setup_py'
[0.261s] Level 1:colcon.colcon_core.package_identification:_identify(src/ros2_example) by extensions ['ignore', 'ignore_ament_install']
[0.261s] Level 1:colcon.colcon_core.package_identification:_identify(src/ros2_example) by extension 'ignore'
[0.261s] Level 1:colcon.colcon_core.package_identification:_identify(src/ros2_example) by extension 'ignore_ament_install'
[0.261s] Level 1:colcon.colcon_core.package_identification:_identify(src/ros2_example) by extensions ['colcon_pkg']
[0.261s] Level 1:colcon.colcon_core.package_identification:_identify(src/ros2_example) by extension 'colcon_pkg'
[0.261s] Level 1:colcon.colcon_core.package_identification:_identify(src/ros2_example) by extensions ['colcon_meta']
[0.261s] Level 1:colcon.colcon_core.package_identification:_identify(src/ros2_example) by extension 'colcon_meta'
[0.261s] Level 1:colcon.colcon_core.package_identification:_identify(src/ros2_example) by extensions ['ros']
[0.261s] Level 1:colcon.colcon_core.package_identification:_identify(src/ros2_example) by extension 'ros'
[0.264s] DEBUG:colcon.colcon_core.package_identification:Package 'src/ros2_example' with type 'ros.ament_cmake' and name 'ros2_example'
[0.264s] Level 1:colcon.colcon_core.package_discovery:discover_packages(recursive) using defaults
[0.264s] Level 1:colcon.colcon_core.package_discovery:discover_packages(ignore) discover
[0.264s] Level 1:colcon.colcon_core.package_discovery:discover_packages(ignore) using defaults
[0.264s] Level 1:colcon.colcon_core.package_discovery:discover_packages(path) discover
[0.264s] Level 1:colcon.colcon_core.package_discovery:discover_packages(path) using defaults
[0.282s] Level 5:colcon.colcon_core.verb:set package 'ros2_example' build argument 'cmake_args' from command line to 'None'
[0.282s] Level 5:colcon.colcon_core.verb:set package 'ros2_example' build argument 'cmake_target' from command line to 'None'
[0.282s] Level 5:colcon.colcon_core.verb:set package 'ros2_example' build argument 'cmake_target_skip_unavailable' from command line to 'False'
[0.282s] Level 5:colcon.colcon_core.verb:set package 'ros2_example' build argument 'cmake_clean_cache' from command line to 'False'
[0.282s] Level 5:colcon.colcon_core.verb:set package 'ros2_example' build argument 'cmake_clean_first' from command line to 'False'
[0.282s] Level 5:colcon.colcon_core.verb:set package 'ros2_example' build argument 'cmake_force_configure' from command line to 'False'
[0.282s] Level 5:colcon.colcon_core.verb:set package 'ros2_example' build argument 'ament_cmake_args' from command line to 'None'
[0.282s] Level 5:colcon.colcon_core.verb:set package 'ros2_example' build argument 'catkin_cmake_args' from command line to 'None'
[0.282s] Level 5:colcon.colcon_core.verb:set package 'ros2_example' build argument 'catkin_skip_building_tests' from command line to 'False'
[0.283s] DEBUG:colcon.colcon_core.verb:Building package 'ros2_example' with the following arguments: {'ament_cmake_args': None, 'build_base': '/workspaces/vscode_test/build/ros2_example', 'catkin_cmake_args': None, 'catkin_skip_building_tests': False, 'cmake_args': None, 'cmake_clean_cache': False, 'cmake_clean_first': False, 'cmake_force_configure': False, 'cmake_target': None, 'cmake_target_skip_unavailable': False, 'install_base': '/workspaces/vscode_test/install/ros2_example', 'merge_install': False, 'path': '/workspaces/vscode_test/src/ros2_example', 'symlink_install': False, 'test_result_base': None}
[0.283s] INFO:colcon.colcon_core.executor:Executing jobs using 'parallel' executor
[0.284s] DEBUG:colcon.colcon_parallel_executor.executor.parallel:run_until_complete
[0.284s] INFO:colcon.colcon_ros.task.ament_cmake.build:Building ROS package in '/workspaces/vscode_test/src/ros2_example' with build type 'ament_cmake'
[0.284s] INFO:colcon.colcon_cmake.task.cmake.build:Building CMake package in '/workspaces/vscode_test/src/ros2_example'
[0.285s] INFO:colcon.colcon_core.plugin_system:Skipping extension 'colcon_core.shell.bat': Not used on non-Windows systems
[0.286s] INFO:colcon.colcon_core.shell:Skip shell extension 'powershell' for command environment: Not usable outside of PowerShell
[0.286s] DEBUG:colcon.colcon_core.shell:Skip shell extension 'dsv' for command environment
[0.292s] DEBUG:colcon.colcon_core.event_handler.log_command:Invoking command in '/workspaces/vscode_test/build/ros2_example': CMAKE_PREFIX_PATH=/opt/ros/humble /usr/bin/cmake /workspaces/vscode_test/src/ros2_example -DCMAKE_INSTALL_PREFIX=/workspaces/vscode_test/install/ros2_example
[1.126s] DEBUG:colcon.colcon_core.event_handler.log_command:Invoked command in '/workspaces/vscode_test/build/ros2_example' returned '0': CMAKE_PREFIX_PATH=/opt/ros/humble /usr/bin/cmake /workspaces/vscode_test/src/ros2_example -DCMAKE_INSTALL_PREFIX=/workspaces/vscode_test/install/ros2_example
[1.127s] DEBUG:colcon.colcon_core.event_handler.log_command:Invoking command in '/workspaces/vscode_test/build/ros2_example': CMAKE_PREFIX_PATH=/opt/ros/humble /usr/bin/cmake --build /workspaces/vscode_test/build/ros2_example -- -j16 -l16
[7.489s] DEBUG:colcon.colcon_core.event_handler.log_command:Invoked command in '/workspaces/vscode_test/build/ros2_example' returned '0': CMAKE_PREFIX_PATH=/opt/ros/humble /usr/bin/cmake --build /workspaces/vscode_test/build/ros2_example -- -j16 -l16
[7.527s] DEBUG:colcon.colcon_core.event_handler.log_command:Invoking command in '/workspaces/vscode_test/build/ros2_example': CMAKE_PREFIX_PATH=/opt/ros/humble /usr/bin/cmake --install /workspaces/vscode_test/build/ros2_example
[7.544s] Level 1:colcon.colcon_core.environment:create_environment_scripts_only(ros2_example)
[7.545s] DEBUG:colcon.colcon_core.event_handler.log_command:Invoked command in '/workspaces/vscode_test/build/ros2_example' returned '0': CMAKE_PREFIX_PATH=/opt/ros/humble /usr/bin/cmake --install /workspaces/vscode_test/build/ros2_example
[7.546s] Level 1:colcon.colcon_core.environment:checking '/workspaces/vscode_test/install/ros2_example' for CMake module files
[7.547s] Level 1:colcon.colcon_core.environment:checking '/workspaces/vscode_test/install/ros2_example' for CMake config files
[7.547s] Level 1:colcon.colcon_core.shell:create_environment_hook('ros2_example', 'cmake_prefix_path')
[7.547s] INFO:colcon.colcon_core.shell:Creating environment hook '/workspaces/vscode_test/install/ros2_example/share/ros2_example/hook/cmake_prefix_path.ps1'
[7.548s] INFO:colcon.colcon_core.shell:Creating environment descriptor '/workspaces/vscode_test/install/ros2_example/share/ros2_example/hook/cmake_prefix_path.dsv'
[7.548s] INFO:colcon.colcon_core.shell:Creating environment hook '/workspaces/vscode_test/install/ros2_example/share/ros2_example/hook/cmake_prefix_path.sh'
[7.548s] Level 1:colcon.colcon_core.environment:checking '/workspaces/vscode_test/install/ros2_example/lib'
[7.548s] Level 1:colcon.colcon_core.shell:create_environment_hook('ros2_example', 'ld_library_path_lib')
[7.549s] INFO:colcon.colcon_core.shell:Creating environment hook '/workspaces/vscode_test/install/ros2_example/share/ros2_example/hook/ld_library_path_lib.ps1'
[7.549s] INFO:colcon.colcon_core.shell:Creating environment descriptor '/workspaces/vscode_test/install/ros2_example/share/ros2_example/hook/ld_library_path_lib.dsv'
[7.549s] INFO:colcon.colcon_core.shell:Creating environment hook '/workspaces/vscode_test/install/ros2_example/share/ros2_example/hook/ld_library_path_lib.sh'
[7.549s] Level 1:colcon.colcon_core.environment:checking '/workspaces/vscode_test/install/ros2_example/bin'
[7.549s] Level 1:colcon.colcon_core.environment:checking '/workspaces/vscode_test/install/ros2_example/lib/pkgconfig/ros2_example.pc'
[7.551s] Level 1:colcon.colcon_core.environment:checking '/workspaces/vscode_test/install/ros2_example/lib/python3.10/site-packages'
[7.551s] Level 1:colcon.colcon_core.environment:checking '/workspaces/vscode_test/install/ros2_example/bin'
[7.551s] INFO:colcon.colcon_core.shell:Creating package script '/workspaces/vscode_test/install/ros2_example/share/ros2_example/package.ps1'
[7.551s] INFO:colcon.colcon_core.shell:Creating package descriptor '/workspaces/vscode_test/install/ros2_example/share/ros2_example/package.dsv'
[7.552s] INFO:colcon.colcon_core.shell:Creating package script '/workspaces/vscode_test/install/ros2_example/share/ros2_example/package.sh'
[7.552s] INFO:colcon.colcon_core.shell:Creating package script '/workspaces/vscode_test/install/ros2_example/share/ros2_example/package.bash'
[7.553s] INFO:colcon.colcon_core.shell:Creating package script '/workspaces/vscode_test/install/ros2_example/share/ros2_example/package.zsh'
[7.553s] Level 1:colcon.colcon_core.environment:create_file_with_runtime_dependencies(/workspaces/vscode_test/install/ros2_example/share/colcon-core/packages/ros2_example)
[7.583s] Level 1:colcon.colcon_core.environment:create_environment_scripts_only(ros2_example)
[7.583s] Level 1:colcon.colcon_core.environment:checking '/workspaces/vscode_test/install/ros2_example' for CMake module files
[7.584s] Level 1:colcon.colcon_core.environment:checking '/workspaces/vscode_test/install/ros2_example' for CMake config files
[7.584s] Level 1:colcon.colcon_core.shell:create_environment_hook('ros2_example', 'cmake_prefix_path')
[7.584s] INFO:colcon.colcon_core.shell:Creating environment hook '/workspaces/vscode_test/install/ros2_example/share/ros2_example/hook/cmake_prefix_path.ps1'
[7.585s] INFO:colcon.colcon_core.shell:Creating environment descriptor '/workspaces/vscode_test/install/ros2_example/share/ros2_example/hook/cmake_prefix_path.dsv'
[7.585s] INFO:colcon.colcon_core.shell:Creating environment hook '/workspaces/vscode_test/install/ros2_example/share/ros2_example/hook/cmake_prefix_path.sh'
[7.585s] Level 1:colcon.colcon_core.environment:checking '/workspaces/vscode_test/install/ros2_example/lib'
[7.585s] Level 1:colcon.colcon_core.shell:create_environment_hook('ros2_example', 'ld_library_path_lib')
[7.585s] INFO:colcon.colcon_core.shell:Creating environment hook '/workspaces/vscode_test/install/ros2_example/share/ros2_example/hook/ld_library_path_lib.ps1'
[7.586s] INFO:colcon.colcon_core.shell:Creating environment descriptor '/workspaces/vscode_test/install/ros2_example/share/ros2_example/hook/ld_library_path_lib.dsv'
[7.586s] INFO:colcon.colcon_core.shell:Creating environment hook '/workspaces/vscode_test/install/ros2_example/share/ros2_example/hook/ld_library_path_lib.sh'
[7.586s] Level 1:colcon.colcon_core.environment:checking '/workspaces/vscode_test/install/ros2_example/bin'
[7.586s] Level 1:colcon.colcon_core.environment:checking '/workspaces/vscode_test/install/ros2_example/lib/pkgconfig/ros2_example.pc'
[7.586s] Level 1:colcon.colcon_core.environment:checking '/workspaces/vscode_test/install/ros2_example/lib/python3.10/site-packages'
[7.586s] Level 1:colcon.colcon_core.environment:checking '/workspaces/vscode_test/install/ros2_example/bin'
[7.587s] INFO:colcon.colcon_core.shell:Creating package script '/workspaces/vscode_test/install/ros2_example/share/ros2_example/package.ps1'
[7.587s] INFO:colcon.colcon_core.shell:Creating package descriptor '/workspaces/vscode_test/install/ros2_example/share/ros2_example/package.dsv'
[7.587s] INFO:colcon.colcon_core.shell:Creating package script '/workspaces/vscode_test/install/ros2_example/share/ros2_example/package.sh'
[7.588s] INFO:colcon.colcon_core.shell:Creating package script '/workspaces/vscode_test/install/ros2_example/share/ros2_example/package.bash'
[7.588s] INFO:colcon.colcon_core.shell:Creating package script '/workspaces/vscode_test/install/ros2_example/share/ros2_example/package.zsh'
[7.588s] Level 1:colcon.colcon_core.environment:create_file_with_runtime_dependencies(/workspaces/vscode_test/install/ros2_example/share/colcon-core/packages/ros2_example)
[7.588s] DEBUG:colcon.colcon_parallel_executor.executor.parallel:closing loop
[7.588s] DEBUG:colcon.colcon_parallel_executor.executor.parallel:loop closed
[7.588s] DEBUG:colcon.colcon_parallel_executor.executor.parallel:run_until_complete finished with '0'
[7.589s] DEBUG:colcon.colcon_core.event_reactor:joining thread
[7.592s] INFO:colcon.colcon_core.plugin_system:Skipping extension 'colcon_notification.desktop_notification.notify_send': Could not find 'notify-send'
[7.592s] INFO:colcon.colcon_core.plugin_system:Skipping extension 'colcon_notification.desktop_notification.terminal_notifier': Not used on non-Darwin systems
[7.592s] INFO:colcon.colcon_core.plugin_system:Skipping extension 'colcon_notification.desktop_notification.win32': Not used on non-Windows systems
[7.592s] INFO:colcon.colcon_notification.desktop_notification:Sending desktop notification using 'notify2'
[7.595s] DEBUG:colcon.colcon_notification.desktop_notification.notify2:Failed to initialize notify2: org.freedesktop.DBus.Error.Spawn.ExecFailed: /usr/bin/dbus-launch terminated abnormally without any error message
[7.595s] DEBUG:colcon.colcon_core.event_reactor:joined thread
[7.595s] INFO:colcon.colcon_core.shell:Creating prefix script '/workspaces/vscode_test/install/local_setup.ps1'
[7.596s] INFO:colcon.colcon_core.shell:Creating prefix util module '/workspaces/vscode_test/install/_local_setup_util_ps1.py'
[7.597s] INFO:colcon.colcon_core.shell:Creating prefix chain script '/workspaces/vscode_test/install/setup.ps1'
[7.598s] INFO:colcon.colcon_core.shell:Creating prefix script '/workspaces/vscode_test/install/local_setup.sh'
[7.598s] INFO:colcon.colcon_core.shell:Creating prefix util module '/workspaces/vscode_test/install/_local_setup_util_sh.py'
[7.598s] INFO:colcon.colcon_core.shell:Creating prefix chain script '/workspaces/vscode_test/install/setup.sh'
[7.599s] INFO:colcon.colcon_core.shell:Creating prefix script '/workspaces/vscode_test/install/local_setup.bash'
[7.599s] INFO:colcon.colcon_core.shell:Creating prefix chain script '/workspaces/vscode_test/install/setup.bash'
[7.600s] INFO:colcon.colcon_core.shell:Creating prefix script '/workspaces/vscode_test/install/local_setup.zsh'
[7.600s] INFO:colcon.colcon_core.shell:Creating prefix chain script '/workspaces/vscode_test/install/setup.zsh'
